"../../../../../../Users/acera/OneDrive/Documents/Unreal Projects/androidProj/Content/2dSideScroller/Textures/2DBackgroundTile.uasset" 0
"../../../../../../Users/acera/OneDrive/Documents/Unreal Projects/androidProj/Content/2DSideScroller/Materials/PrototypingSpriteMaterial.uasset" 1
"../../../../../../Users/acera/OneDrive/Documents/Unreal Projects/androidProj/Content/2DSideScroller/Sprites/PrototypingSprite.uasset" 2
"../../../Engine/Content/Functions/Engine_MaterialFunctions01/Opacity/CameraDepthFade.uasset" 3
"../../../Engine/Content/EngineMaterials/T_Default_Material_Grid_M.uasset" 4
"../../../Engine/Content/EngineMaterials/T_Default_Material_Grid_N.uasset" 5
"../../../Engine/Content/EngineMaterials/WorldGridMaterial.uasset" 6
"../../../Engine/Content/ArtTools/RenderToTexture/Meshes/S_1_Unit_Plane.uasset" 7
"../../../Engine/Content/EngineMaterials/DefaultMaterial.uasset" 8
"../../../Engine/Content/BasicShapes/Cone.uasset" 9
"../../../Engine/Content/BasicShapes/Cube.uasset" 10
"../../../Engine/Content/BasicShapes/Cylinder.uasset" 11
"../../../Engine/Content/BasicShapes/Plane.uasset" 12
"../../../Engine/Content/BasicShapes/Sphere.uasset" 13
"../../../Engine/Content/EditorLandscapeResources/DataLayer.uasset" 14
"../../../Engine/Content/EditorMaterials/GizmoMaterial.uasset" 15
"../../../Engine/Content/EditorMaterials/MAT_Groups_Toggle.uasset" 16
"../../../Engine/Content/EditorMaterials/MAT_Groups_Visibility.uasset" 17
"../../../Engine/Content/EditorMaterials/PreviewShadowIndicator.uasset" 18
"../../../Engine/Content/EditorMaterials/PreviewShadowIndicatorMaterial.uasset" 19
"../../../Engine/Content/EditorMaterials/MatineeGroups/MAT_ColorTrack.uasset" 20
"../../../Engine/Content/EditorMaterials/MatineeGroups/MAT_Groups_Anim.uasset" 21
"../../../Engine/Content/EditorMaterials/MatineeGroups/MAT_Groups_AudioMaster.uasset" 22
"../../../Engine/Content/EditorMaterials/MatineeGroups/MAT_Groups_Director.uasset" 23
"../../../Engine/Content/EditorMaterials/MatineeGroups/MAT_Groups_Event.uasset" 24
"../../../Engine/Content/EditorMaterials/MatineeGroups/MAT_Groups_Fade.uasset" 25
"../../../Engine/Content/EditorMaterials/MatineeGroups/MAT_Groups_Float.uasset" 26
"../../../Engine/Content/EditorMaterials/MatineeGroups/MAT_Groups_Move.uasset" 27
"../../../Engine/Content/EditorMaterials/MatineeGroups/MAT_Groups_Slomo.uasset" 28
"../../../Engine/Content/EditorMaterials/MatineeGroups/MAT_Groups_Sound.uasset" 29
"../../../Engine/Content/EditorMaterials/MatineeGroups/MAT_Groups_Vector.uasset" 30
"../../../Engine/Content/EditorMaterials/ParticleSystems/PSysThumbnail_NoImage.uasset" 31
"../../../Engine/Content/EditorMaterials/ParticleSystems/PSysThumbnail_OOD.uasset" 32
"../../../Engine/Content/EditorMaterials/Camera/CineMat.uasset" 33
"../../../Engine/Content/EditorMaterials/Camera/MI_CineMat_Rig.uasset" 34
"../../../Engine/Content/EditorMeshes/Camera/SM_CraneRig_Arm.uasset" 35
"../../../Engine/Content/EditorMeshes/Camera/SM_CraneRig_Base.uasset" 36
"../../../Engine/Content/EditorMeshes/Camera/SM_CraneRig_Body.uasset" 37
"../../../Engine/Content/EditorMeshes/Camera/SM_CraneRig_Mount.uasset" 38
"../../../Engine/Content/EditorMeshes/Camera/SM_RailRig_Mount.uasset" 39
"../../../Engine/Content/EditorMeshes/Camera/SM_RailRig_Track.uasset" 40
"../../../Engine/Content/EditorResources/BSPVertex.uasset" 41
"../../../Engine/Content/EditorResources/S_Actor.uasset" 42
"../../../Engine/Content/EditorResources/S_Trigger.uasset" 43
"../../../Engine/Content/EditorResources/SequenceRecorder/Countdown.uasset" 44
"../../../Engine/Content/EditorResources/SequenceRecorder/RecordingIndicator.uasset" 45
"../../../Engine/Content/EditorSounds/Notifications/CompileFailed.uasset" 46
"../../../Engine/Content/EditorSounds/Notifications/CompileFailed_Cue.uasset" 47
"../../../Engine/Content/EditorSounds/Notifications/CompileSuccess.uasset" 48
"../../../Engine/Content/EditorSounds/Notifications/CompileStart_Cue.uasset" 49
"../../../Engine/Content/EditorSounds/Notifications/CompileSuccess_Cue.uasset" 50
"../../../Engine/Content/EngineDamageTypes/DmgTypeBP_Environmental.uasset" 51
"../../../Engine/Content/EngineDebugMaterials/HeatmapGradient.uasset" 52
"../../../Engine/Content/EngineDebugMaterials/BoneWeightMaterial.uasset" 53
"../../../Engine/Content/EngineDebugMaterials/ClothMaterial.uasset" 54
"../../../Engine/Content/EngineDebugMaterials/ClothMaterial_WF.uasset" 55
"../../../Engine/Content/EngineDebugMaterials/DebugEditorMaterial.uasset" 56
"../../../Engine/Content/EngineDebugMaterials/DebugMeshMaterial.uasset" 57
"../../../Engine/Content/EngineDebugMaterials/GeomMaterial.uasset" 58
"../../../Engine/Content/EngineDebugMaterials/M_SimpleTranslucent.uasset" 59
"../../../Engine/Content/EngineFonts/Faces/RobotoBold.uasset" 60
"../../../Engine/Content/EngineFonts/Faces/RobotoBoldItalic.uasset" 61
"../../../Engine/Content/EngineFonts/Faces/RobotoItalic.uasset" 62
"../../../Engine/Content/EngineFonts/Faces/RobotoLight.uasset" 63
"../../../Engine/Content/EngineFonts/Faces/RobotoRegular.uasset" 64
"../../../Engine/Content/EngineFonts/Roboto.uasset" 65
"../../../Engine/Content/EngineFonts/Faces/RobotoTiny.uasset" 66
"../../../Engine/Content/EngineFonts/RobotoTiny.uasset" 67
"../../../Engine/Content/EngineMaterials/BaseFlattenDiffuseMap.uasset" 68
"../../../Engine/Content/EngineMaterials/BaseFlattenEmissiveMap.uasset" 69
"../../../Engine/Content/EngineMaterials/BaseFlattenGrayscaleMap.uasset" 70
"../../../Engine/Content/EngineMaterials/BaseFlattenNormalMap.uasset" 71
"../../../Engine/Content/EngineMaterials/BaseFlattenMaterial.uasset" 72
"../../../Engine/Content/EngineMaterials/DefaultBloomKernel.uasset" 73
"../../../Engine/Content/EngineMaterials/DefaultBokeh.uasset" 74
"../../../Engine/Content/EngineMaterials/DefaultDiffuse.uasset" 75
"../../../Engine/Content/EngineMaterials/DefaultDeferredDecalMaterial.uasset" 76
"../../../Engine/Content/EngineMaterials/DefaultLightFunctionMaterial.uasset" 77
"../../../Engine/Content/EngineMaterials/DefaultPhysicalMaterial.uasset" 78
"../../../Engine/Content/Functions/Engine_MaterialFunctions02/Utility/BreakOutFloat2Components.uasset" 79
"../../../Engine/Content/EngineMaterials/DefaultPostProcessMaterial.uasset" 80
"../../../Engine/Content/EngineFonts/RobotoDistanceField.uasset" 81
"../../../Engine/Content/EngineMaterials/DefaultTextMaterialOpaque.uasset" 82
"../../../Engine/Content/EngineMaterials/DefaultWhiteGrid.uasset" 83
"../../../Engine/Content/EngineMaterials/EditorBrushMaterial.uasset" 84
"../../../Engine/Content/EngineMaterials/Good64x64TilingNoiseHighFreq.uasset" 85
"../../../Engine/Content/EngineMaterials/MiniFont.uasset" 86
"../../../Engine/Content/EngineMaterials/InvalidLightmapSettings.uasset" 87
"../../../Engine/Content/EngineMaterials/M_InvalidLightmapSettings.uasset" 88
"../../../Engine/Content/Functions/Engine_MaterialFunctions02/WorldPositionOffset/CameraOffset.uasset" 89
"../../../Engine/Content/EngineMaterials/PhAT_JointLimitMaterial.uasset" 90
"../../../Engine/Content/EngineMaterials/PreintegratedSkinBRDF.uasset" 91
"../../../Engine/Content/EngineMaterials/RemoveSurfaceMaterial.uasset" 92
"../../../Engine/Content/EngineMaterials/WeightMapPlaceholderTexture.uasset" 93
"../../../Engine/Content/EngineResources/WhiteSquareTexture.uasset" 94
"../../../Engine/Content/EngineMaterials/Widget3DPassThrough.uasset" 95
"../../../Engine/Content/EngineMaterials/Widget3DPassThrough_Masked.uasset" 96
"../../../Engine/Content/EngineMaterials/Widget3DPassThrough_Opaque.uasset" 97
"../../../Engine/Content/EngineMaterials/Widget3DPassThrough_Masked_OneSided.uasset" 98
"../../../Engine/Content/EngineMaterials/Widget3DPassThrough_Opaque_OneSided.uasset" 99
"../../../Engine/Content/EngineMaterials/Widget3DPassThrough_Translucent.uasset" 100
"../../../Engine/Content/EngineMaterials/Widget3DPassThrough_Translucent_OneSided.uasset" 101
"../../../Engine/Content/EngineMeshes/Cylinder.uasset" 102
"../../../Engine/Content/EngineMeshes/Sphere.uasset" 103
"../../../Engine/Content/EngineResources/Black.uasset" 104
"../../../Engine/Content/EngineResources/DefaultTexture.uasset" 105
"../../../Engine/Content/EngineResources/DefaultTextureCube.uasset" 106
"../../../Engine/Content/EngineResources/DefaultVolumeTexture2D.uasset" 107
"../../../Engine/Content/EngineResources/DefaultVolumeTexture.uasset" 108
"../../../Engine/Content/EngineResources/GradientTexture0.uasset" 109
"../../../Engine/Content/EngineSounds/Master.uasset" 110
"../../../Engine/Content/Functions/Engine_MaterialFunctions01/Shading/ConvertFromDiffSpec.uasset" 111
"../../../Engine/Content/Functions/Engine_MaterialFunctions01/Shading/PowerToRoughness.uasset" 112
"../../../Engine/Content/Maps/Templates/Thumbnails/Default.uasset" 113
"../../../Engine/Content/Maps/Templates/Thumbnails/VR-Basic.uasset" 114
"../../../Engine/Content/MobileResources/T_MobileControls_texture.uasset" 115
"../../../Engine/Content/MobileResources/T_MobileMenu2.uasset" 116
"../../../Engine/Content/MobileResources/HUD/AnalogHat.uasset" 117
"../../../Engine/Content/MobileResources/HUD/VirtualJoystick_Background.uasset" 118
"../../../Engine/Content/MobileResources/HUD/VirtualJoystick_Thumb.uasset" 119
"../../../Engine/Content/MobileResources/HUD/DefaultVirtualJoysticks.uasset" 120
"../../../Engine/Content/MobileResources/HUD/LeftVirtualJoystickOnly.uasset" 121
"../../../Engine/Content/MobileResources/HUD/MobileHUDButton1_off.uasset" 122
"../../../Engine/Content/MobileResources/HUD/MobileHUDButton1_on.uasset" 123
"../../../Engine/Content/MobileResources/HUD/MobileHUDButton2_off.uasset" 124
"../../../Engine/Content/MobileResources/HUD/MobileHUDButton2_on.uasset" 125
"../../../Engine/Content/MobileResources/HUD/MobileHUDButton3.uasset" 126
"../../../Engine/Content/MobileResources/HUD/MobileHUDButtonFire.uasset" 127
"../../../Engine/Content/MobileResources/HUD/MobileHUDDirectionPad.uasset" 128
"../../../Engine/Content/MobileResources/HUD/MobileHUDDirectionPad2.uasset" 129
"../../../Engine/Content/MobileResources/HUD/MobileHUDDirectionPad3.uasset" 130
"../../../Engine/Content/MobileResources/HUD/MobileHUDDirectionStick.uasset" 131
"../../../Engine/Content/MobileResources/HUD/T_Castle_ThumbstickInner.uasset" 132
"../../../Engine/Content/MobileResources/HUD/T_Castle_ThumbstickOutter.uasset" 133
"../../../Engine/Content/Tutorial/ContentIntroCurve.uasset" 134
"../../../Engine/Content/Tutorial/Basics/TutorialAssets/icon_tab_Levels_40x.uasset" 135
"../../../Engine/Content/Tutorial/BlueprintTutorials/TutorialAssets/Blueprint_64x.uasset" 136
"../../../Engine/Content/Tutorial/Landscape/TutorialAssets/Landscape.uasset" 137
"../../../Engine/Content/Tutorial/Mobile/TutorialAssets/android_Icon.uasset" 138
"../../../Engine/Content/Tutorial/SubEditors/TutorialAssets/TutorialMaterial.uasset" 139
"../../../Engine/Content/VREditor/LaserPointer/VR_LaserPower_01.uasset" 140
"../../../Engine/Content/VREditor/TransformGizmo/TransformGizmoMaterial.uasset" 141
"../../../Engine/Content/VREditor/TransformGizmo/TranslucentTransformGizmoMaterial.uasset" 142
"../../../Engine/Content/VREditor/TransformGizmo/BoundingBoxCorner.uasset" 143
"../../../Engine/Content/VREditor/TransformGizmo/BoundingBoxEdge.uasset" 144
"../../../Engine/Content/VREditor/TransformGizmo/PlaneTranslationHandle.uasset" 145
"../../../Engine/Content/VREditor/TransformGizmo/Main.uasset" 146
"../../../Engine/Content/VREditor/TransformGizmo/Xray.uasset" 147
"../../../Engine/Content/VREditor/TransformGizmo/SM_Sequencer_Key.uasset" 148
"../../../Engine/Content/VREditor/TransformGizmo/SM_Sequencer_Node.uasset" 149
"../../Plugins/2D/Paper2D/Content/PlaceholderTextures/DummySpriteTexture.uasset" 150
"../../Plugins/2D/Paper2D/Content/DummySprite.uasset" 151
"../../Plugins/2D/Paper2D/Content/DefaultPaperTerrainMaterial.uasset" 152
"../../Plugins/2D/Paper2D/Content/DefaultSpriteMaterial.uasset" 153
"../../Plugins/2D/Paper2D/Content/MaskedUnlitSpriteMaterial.uasset" 154
"../../Plugins/Runtime/Oculus/OculusVR/Content/Materials/PokeAHoleMaterial.uasset" 155
"../../Plugins/Runtime/Oculus/OculusVR/Content/Textures/GearVRController_AO.uasset" 156
"../../Plugins/Runtime/Oculus/OculusVR/Content/Textures/GearVRController_Color.uasset" 157
"../../Plugins/Runtime/Oculus/OculusVR/Content/Textures/GearVRController_Normal.uasset" 158
"../../Plugins/Runtime/Oculus/OculusVR/Content/Materials/GearVRControllerMaterial.uasset" 159
"../../Plugins/Runtime/Oculus/OculusVR/Content/Meshes/GearVrController.uasset" 160
"../../Plugins/Runtime/Oculus/OculusVR/Content/Textures/touchController_albedo.uasset" 161
"../../Plugins/Runtime/Oculus/OculusVR/Content/Textures/touchController_controlmap.uasset" 162
"../../Plugins/Runtime/Oculus/OculusVR/Content/Materials/touchController_mat.uasset" 163
"../../Plugins/Runtime/Oculus/OculusVR/Content/Meshes/LeftTouchController.uasset" 164
"../../Plugins/Runtime/Oculus/OculusVR/Content/Meshes/RiftHMD.uasset" 165
"../../Plugins/Runtime/Oculus/OculusVR/Content/Meshes/RightTouchController.uasset" 166
"../../../Engine/Content/EditorBlueprintResources/StandardMacros.uasset" 167
"../../../../../../Users/acera/OneDrive/Documents/Unreal Projects/androidProj/Content/2dSideScroller/Textures/2DCharacter_IdleAnimAtlas.uasset" 168
"../../../../../../Users/acera/OneDrive/Documents/Unreal Projects/androidProj/Content/2dSideScroller/Sprites/IdleFrames/IdleCycle1.uasset" 169
"../../../../../../Users/acera/OneDrive/Documents/Unreal Projects/androidProj/Content/2dSideScroller/Sprites/IdleFrames/IdleCycle2.uasset" 170
"../../../../../../Users/acera/OneDrive/Documents/Unreal Projects/androidProj/Content/2dSideScroller/Sprites/IdleFrames/IdleCycle3.uasset" 171
"../../../../../../Users/acera/OneDrive/Documents/Unreal Projects/androidProj/Content/2dSideScroller/Sprites/IdleFrames/IdleCycle4.uasset" 172
"../../../../../../Users/acera/OneDrive/Documents/Unreal Projects/androidProj/Content/2dSideScroller/Sprites/IdleFrames/IdleCycle5.uasset" 173
"../../../../../../Users/acera/OneDrive/Documents/Unreal Projects/androidProj/Content/2dSideScroller/Sprites/IdleFrames/IdleCycle6.uasset" 174
"../../../../../../Users/acera/OneDrive/Documents/Unreal Projects/androidProj/Content/2dSideScroller/Sprites/IdleFrames/IdleCycle7.uasset" 175
"../../../../../../Users/acera/OneDrive/Documents/Unreal Projects/androidProj/Content/2dSideScroller/Sprites/IdleFrames/IdleCycle8.uasset" 176
"../../../../../../Users/acera/OneDrive/Documents/Unreal Projects/androidProj/Content/2DSideScroller/Sprites/IdleAnimation.uasset" 177
"../../../../../../Users/acera/OneDrive/Documents/Unreal Projects/androidProj/Content/2dSideScroller/Textures/2DCharacter_RunAnimAtlas.uasset" 178
"../../../../../../Users/acera/OneDrive/Documents/Unreal Projects/androidProj/Content/2dSideScroller/Sprites/RunFrames/RunCycle_1.uasset" 179
"../../../../../../Users/acera/OneDrive/Documents/Unreal Projects/androidProj/Content/2dSideScroller/Sprites/RunFrames/RunCycle_10.uasset" 180
"../../../../../../Users/acera/OneDrive/Documents/Unreal Projects/androidProj/Content/2dSideScroller/Sprites/RunFrames/RunCycle_11.uasset" 181
"../../../../../../Users/acera/OneDrive/Documents/Unreal Projects/androidProj/Content/2dSideScroller/Sprites/RunFrames/RunCycle_12.uasset" 182
"../../../../../../Users/acera/OneDrive/Documents/Unreal Projects/androidProj/Content/2dSideScroller/Sprites/RunFrames/RunCycle_13.uasset" 183
"../../../../../../Users/acera/OneDrive/Documents/Unreal Projects/androidProj/Content/2dSideScroller/Sprites/RunFrames/RunCycle_14.uasset" 184
"../../../../../../Users/acera/OneDrive/Documents/Unreal Projects/androidProj/Content/2dSideScroller/Sprites/RunFrames/RunCycle_15.uasset" 185
"../../../../../../Users/acera/OneDrive/Documents/Unreal Projects/androidProj/Content/2dSideScroller/Sprites/RunFrames/RunCycle_16.uasset" 186
"../../../../../../Users/acera/OneDrive/Documents/Unreal Projects/androidProj/Content/2dSideScroller/Sprites/RunFrames/RunCycle_2.uasset" 187
"../../../../../../Users/acera/OneDrive/Documents/Unreal Projects/androidProj/Content/2dSideScroller/Sprites/RunFrames/RunCycle_3.uasset" 188
"../../../../../../Users/acera/OneDrive/Documents/Unreal Projects/androidProj/Content/2dSideScroller/Sprites/RunFrames/RunCycle_4.uasset" 189
"../../../../../../Users/acera/OneDrive/Documents/Unreal Projects/androidProj/Content/2dSideScroller/Sprites/RunFrames/RunCycle_5.uasset" 190
"../../../../../../Users/acera/OneDrive/Documents/Unreal Projects/androidProj/Content/2dSideScroller/Sprites/RunFrames/RunCycle_6.uasset" 191
"../../../../../../Users/acera/OneDrive/Documents/Unreal Projects/androidProj/Content/2dSideScroller/Sprites/RunFrames/RunCycle_7.uasset" 192
"../../../../../../Users/acera/OneDrive/Documents/Unreal Projects/androidProj/Content/2dSideScroller/Sprites/RunFrames/RunCycle_8.uasset" 193
"../../../../../../Users/acera/OneDrive/Documents/Unreal Projects/androidProj/Content/2dSideScroller/Sprites/RunFrames/RunCycle_9.uasset" 194
"../../../../../../Users/acera/OneDrive/Documents/Unreal Projects/androidProj/Content/2DSideScroller/Sprites/RunningAnimation.uasset" 195
"../../../../../../Users/acera/OneDrive/Documents/Unreal Projects/androidProj/Content/2DSideScrollerBP/Blueprints/2DSideScrollerCharacter.uasset" 196
"../../../../../../Users/acera/OneDrive/Documents/Unreal Projects/androidProj/Content/2DSideScrollerBP/Blueprints/2DSideScrollerGameMode.uasset" 197
"../../../../../../Users/acera/OneDrive/Documents/Unreal Projects/androidProj/Content/2DSideScrollerBP/Maps/2DSideScrollerExampleMap_BuiltData.uasset" 198
"../../../Engine/Content/MapTemplates/Bokeh_5Sides.uasset" 199
"../../../Engine/Content/MapTemplates/T_ScreenDirt02_w.uasset" 200
"../../Plugins/2D/Paper2D/Content/OpaqueUnlitSpriteMaterial.uasset" 201
"../../../../../../Users/acera/OneDrive/Documents/Unreal Projects/androidProj/Content/2dSideScroller/Textures/2DBackground.uasset" 202
"../../../../../../Users/acera/OneDrive/Documents/Unreal Projects/androidProj/Content/2DSideScroller/Sprites/Background_Sprite.uasset" 203
"../../../../../../Users/acera/OneDrive/Documents/Unreal Projects/androidProj/Content/2dSideScroller/Textures/2DBackgroundBlockAtlas.uasset" 204
"../../../../../../Users/acera/OneDrive/Documents/Unreal Projects/androidProj/Content/2DSideScroller/Sprites/Ledge.uasset" 205
"../../../../../../Users/acera/OneDrive/Documents/Unreal Projects/androidProj/Content/2DSideScrollerBP/Maps/2DSideScrollerExampleMap.umap" 206
"../../../Engine/Content/Maps/Entry_BuiltData.uasset" 207
"../../../Engine/Content/Maps/Entry.umap" 208
